15:58:23 **** Clean-only build of configuration Debug for project dummy ****
make clean 
rm -rf  ./src/dummy.o  ./src/dummy.d  dummy
 
15:58:26 **** Build of configuration Debug for project dummy ****
make all 
Building file: ../src/dummy.c
Invoking: GCC C Compiler
gcc -O0 -g3 -Wall -c -fmessage-length=0 -MMD -MP -MF"src/dummy.d" -MT"src/dummy.d" -o "src/dummy.o" "../src/dummy.c"
Finished building: ../src/dummy.c
 
Building target: dummy
Invoking: GCC C Linker
gcc  -o "dummy"  ./src/dummy.o   
Finished building target: dummy
 
15:58:44 **** Incremental Build of configuration Debug for project dummy ****
make all 
Building file: ../src/dummy.c
Invoking: GCC C Compiler
gcc -O0 -g3 -Wall -c -fmessage-length=0 -MMD -MP -MF"src/dummy.d" -MT"src/dummy.d" -o "src/dummy.o" "../src/dummy.c"
Finished building: ../src/dummy.c
 
Building target: dummy
Invoking: GCC C Linker
gcc  -o "dummy"  ./src/dummy.o   
Finished building target: dummy
 
15:58:57 **** Incremental Build of configuration Debug for project dummy ****
make all 
make: Nothing to be done for 'all'.
15:59:46 **** Incremental Build of configuration Debug for project dummy ****
make all 
Building file: ../src/dummy.c
Invoking: GCC C Compiler
gcc -O0 -g3 -Wall -c -fmessage-length=0 -MMD -MP -MF"src/dummy.d" -MT"src/dummy.d" -o "src/dummy.o" "../src/dummy.c"
Finished building: ../src/dummy.c
 
Building target: dummy
Invoking: GCC C Linker
gcc  -o "dummy"  ./src/dummy.o   
Finished building target: dummy
 
15:59:48 **** Incremental Build of configuration Debug for project dummy ****
make all 
make: Nothing to be done for 'all'.
16:00:11 **** Incremental Build of configuration Debug for project dummy ****
make all 
Building file: ../src/dummy.c
Invoking: GCC C Compiler
gcc -O0 -g3 -Wall -c -fmessage-length=0 -MMD -MP -MF"src/dummy.d" -MT"src/dummy.d" -o "src/dummy.o" "../src/dummy.c"
Finished building: ../src/dummy.c
 
Building target: dummy
Invoking: GCC C Linker
gcc  -o "dummy"  ./src/dummy.o   
Finished building target: dummy
 
16:00:13 **** Incremental Build of configuration Debug for project dummy ****
make all 
make: Nothing to be done for 'all'.
16:01:54 **** Incremental Build of configuration Debug for project dummy ****
make all 
Building file: ../src/dummy.c
Invoking: GCC C Compiler
gcc -O0 -g3 -Wall -c -fmessage-length=0 -MMD -MP -MF"src/dummy.d" -MT"src/dummy.d" -o "src/dummy.o" "../src/dummy.c"
../src/dummy.c: In function ‘main’:
../src/dummy.c:23:2: error: expected ‘;’ before ‘return’
  return(0);
  ^
src/subdir.mk:18: recipe for target 'src/dummy.o' failed
make: *** [src/dummy.o] Error 1
16:01:55 **** Incremental Build of configuration Debug for project dummy ****
make all 
Building file: ../src/dummy.c
Invoking: GCC C Compiler
gcc -O0 -g3 -Wall -c -fmessage-length=0 -MMD -MP -MF"src/dummy.d" -MT"src/dummy.d" -o "src/dummy.o" "../src/dummy.c"
../src/dummy.c: In function ‘main’:
../src/dummy.c:23:2: error: expected ‘;’ before ‘return’
  return(0);
  ^
src/subdir.mk:18: recipe for target 'src/dummy.o' failed
make: *** [src/dummy.o] Error 1
16:02:00 **** Incremental Build of configuration Debug for project dummy ****
make all 
Building file: ../src/dummy.c
Invoking: GCC C Compiler
gcc -O0 -g3 -Wall -c -fmessage-length=0 -MMD -MP -MF"src/dummy.d" -MT"src/dummy.d" -o "src/dummy.o" "../src/dummy.c"
../src/dummy.c: In function ‘main’:
../src/dummy.c:23:2: error: expected ‘;’ before ‘return’
  return(0);
  ^
src/subdir.mk:18: recipe for target 'src/dummy.o' failed
make: *** [src/dummy.o] Error 1
16:02:02 **** Incremental Build of configuration Debug for project dummy ****
make all 
Building file: ../src/dummy.c
Invoking: GCC C Compiler
gcc -O0 -g3 -Wall -c -fmessage-length=0 -MMD -MP -MF"src/dummy.d" -MT"src/dummy.d" -o "src/dummy.o" "../src/dummy.c"
Finished building: ../src/dummy.c
 
Building target: dummy
Invoking: GCC C Linker
gcc  -o "dummy"  ./src/dummy.o   
Finished building target: dummy
 
16:02:04 **** Incremental Build of configuration Debug for project dummy ****
make all 
make: Nothing to be done for 'all'.
16:02:13 **** Incremental Build of configuration Debug for project dummy ****
make all 
Building file: ../src/dummy.c
Invoking: GCC C Compiler
gcc -O0 -g3 -Wall -c -fmessage-length=0 -MMD -MP -MF"src/dummy.d" -MT"src/dummy.d" -o "src/dummy.o" "../src/dummy.c"
Finished building: ../src/dummy.c
 
Building target: dummy
Invoking: GCC C Linker
gcc  -o "dummy"  ./src/dummy.o   
Finished building target: dummy
 
16:02:15 **** Incremental Build of configuration Debug for project dummy ****
make all 
make: Nothing to be done for 'all'.
16:02:29 **** Incremental Build of configuration Debug for project dummy ****
make all 
Building file: ../src/dummy.c
Invoking: GCC C Compiler
gcc -O0 -g3 -Wall -c -fmessage-length=0 -MMD -MP -MF"src/dummy.d" -MT"src/dummy.d" -o "src/dummy.o" "../src/dummy.c"
Finished building: ../src/dummy.c
 
Building target: dummy
Invoking: GCC C Linker
gcc  -o "dummy"  ./src/dummy.o   
Finished building target: dummy
 
16:02:32 **** Incremental Build of configuration Debug for project dummy ****
make all 
make: Nothing to be done for 'all'.
16:03:07 **** Incremental Build of configuration Debug for project dummy ****
make all 
Building file: ../src/dummy.c
Invoking: GCC C Compiler
gcc -O0 -g3 -Wall -c -fmessage-length=0 -MMD -MP -MF"src/dummy.d" -MT"src/dummy.d" -o "src/dummy.o" "../src/dummy.c"
Finished building: ../src/dummy.c
 
Building target: dummy
Invoking: GCC C Linker
gcc  -o "dummy"  ./src/dummy.o   
Finished building target: dummy
 
16:03:08 **** Incremental Build of configuration Debug for project dummy ****
make all 
make: Nothing to be done for 'all'.
16:03:20 **** Incremental Build of configuration Debug for project dummy ****
make all 
Building file: ../src/dummy.c
Invoking: GCC C Compiler
gcc -O0 -g3 -Wall -c -fmessage-length=0 -MMD -MP -MF"src/dummy.d" -MT"src/dummy.d" -o "src/dummy.o" "../src/dummy.c"
Finished building: ../src/dummy.c
 
Building target: dummy
Invoking: GCC C Linker
gcc  -o "dummy"  ./src/dummy.o   
Finished building target: dummy
 
16:03:21 **** Incremental Build of configuration Debug for project dummy ****
make all 
make: Nothing to be done for 'all'.
16:03:54 **** Incremental Build of configuration Debug for project dummy ****
make all 
Building file: ../src/dummy.c
Invoking: GCC C Compiler
gcc -O0 -g3 -Wall -c -fmessage-length=0 -MMD -MP -MF"src/dummy.d" -MT"src/dummy.d" -o "src/dummy.o" "../src/dummy.c"
../src/dummy.c: In function ‘main’:
../src/dummy.c:23:2: error: expected ‘;’ before ‘return’
  return(0);
  ^
src/subdir.mk:18: recipe for target 'src/dummy.o' failed
make: *** [src/dummy.o] Error 1
16:03:55 **** Incremental Build of configuration Debug for project dummy ****
make all 
Building file: ../src/dummy.c
Invoking: GCC C Compiler
gcc -O0 -g3 -Wall -c -fmessage-length=0 -MMD -MP -MF"src/dummy.d" -MT"src/dummy.d" -o "src/dummy.o" "../src/dummy.c"
../src/dummy.c: In function ‘main’:
../src/dummy.c:23:2: error: expected ‘;’ before ‘return’
  return(0);
  ^
src/subdir.mk:18: recipe for target 'src/dummy.o' failed
make: *** [src/dummy.o] Error 1
16:04:03 **** Incremental Build of configuration Debug for project dummy ****
make all 
Building file: ../src/dummy.c
Invoking: GCC C Compiler
gcc -O0 -g3 -Wall -c -fmessage-length=0 -MMD -MP -MF"src/dummy.d" -MT"src/dummy.d" -o "src/dummy.o" "../src/dummy.c"
Finished building: ../src/dummy.c
 
Building target: dummy
Invoking: GCC C Linker
gcc  -o "dummy"  ./src/dummy.o   
Finished building target: dummy
 
16:04:05 **** Incremental Build of configuration Debug for project dummy ****
make all 
make: Nothing to be done for 'all'.
16:04:38 **** Incremental Build of configuration Debug for project dummy ****
make all 
Building file: ../src/dummy.c
Invoking: GCC C Compiler
gcc -O0 -g3 -Wall -c -fmessage-length=0 -MMD -MP -MF"src/dummy.d" -MT"src/dummy.d" -o "src/dummy.o" "../src/dummy.c"
Finished building: ../src/dummy.c
 
Building target: dummy
Invoking: GCC C Linker
gcc  -o "dummy"  ./src/dummy.o   
Finished building target: dummy
 
16:04:40 **** Incremental Build of configuration Debug for project dummy ****
make all 
make: Nothing to be done for 'all'.
16:04:49 **** Incremental Build of configuration Debug for project dummy ****
make all 
Building file: ../src/dummy.c
Invoking: GCC C Compiler
gcc -O0 -g3 -Wall -c -fmessage-length=0 -MMD -MP -MF"src/dummy.d" -MT"src/dummy.d" -o "src/dummy.o" "../src/dummy.c"
Finished building: ../src/dummy.c
 
Building target: dummy
Invoking: GCC C Linker
gcc  -o "dummy"  ./src/dummy.o   
Finished building target: dummy
 
16:04:50 **** Incremental Build of configuration Debug for project dummy ****
make all 
make: Nothing to be done for 'all'.
16:05:05 **** Incremental Build of configuration Debug for project dummy ****
make all 
Building file: ../src/dummy.c
Invoking: GCC C Compiler
gcc -O0 -g3 -Wall -c -fmessage-length=0 -MMD -MP -MF"src/dummy.d" -MT"src/dummy.d" -o "src/dummy.o" "../src/dummy.c"
../src/dummy.c: In function ‘main’:
../src/dummy.c:23:9: warning: zero-length gnu_printf format string [-Wformat-zero-length]
  printf("");
         ^
Finished building: ../src/dummy.c
 
Building target: dummy
Invoking: GCC C Linker
gcc  -o "dummy"  ./src/dummy.o   
Finished building target: dummy
 
16:05:07 **** Incremental Build of configuration Debug for project dummy ****
make all 
make: Nothing to be done for 'all'.
16:05:14 **** Incremental Build of configuration Debug for project dummy ****
make all 
Building file: ../src/dummy.c
Invoking: GCC C Compiler
gcc -O0 -g3 -Wall -c -fmessage-length=0 -MMD -MP -MF"src/dummy.d" -MT"src/dummy.d" -o "src/dummy.o" "../src/dummy.c"
Finished building: ../src/dummy.c
 
Building target: dummy
Invoking: GCC C Linker
gcc  -o "dummy"  ./src/dummy.o   
Finished building target: dummy
 
16:05:15 **** Incremental Build of configuration Debug for project dummy ****
make all 
make: Nothing to be done for 'all'.
16:05:51 **** Incremental Build of configuration Debug for project dummy ****
make all 
Building file: ../src/dummy.c
Invoking: GCC C Compiler
gcc -O0 -g3 -Wall -c -fmessage-length=0 -MMD -MP -MF"src/dummy.d" -MT"src/dummy.d" -o "src/dummy.o" "../src/dummy.c"
Finished building: ../src/dummy.c
 
Building target: dummy
Invoking: GCC C Linker
gcc  -o "dummy"  ./src/dummy.o   
Finished building target: dummy
 
16:05:52 **** Incremental Build of configuration Debug for project dummy ****
make all 
make: Nothing to be done for 'all'.
16:07:29 **** Incremental Build of configuration Debug for project dummy ****
make all 
Building file: ../src/dummy.c
Invoking: GCC C Compiler
gcc -O0 -g3 -Wall -c -fmessage-length=0 -MMD -MP -MF"src/dummy.d" -MT"src/dummy.d" -o "src/dummy.o" "../src/dummy.c"
Finished building: ../src/dummy.c
 
Building target: dummy
Invoking: GCC C Linker
gcc  -o "dummy"  ./src/dummy.o   
Finished building target: dummy
 
16:07:30 **** Incremental Build of configuration Debug for project dummy ****
make all 
make: Nothing to be done for 'all'.
16:08:54 **** Incremental Build of configuration Debug for project dummy ****
make all 
Building file: ../src/dummy.c
Invoking: GCC C Compiler
gcc -O0 -g3 -Wall -c -fmessage-length=0 -MMD -MP -MF"src/dummy.d" -MT"src/dummy.d" -o "src/dummy.o" "../src/dummy.c"
Finished building: ../src/dummy.c
 
Building target: dummy
Invoking: GCC C Linker
gcc  -o "dummy"  ./src/dummy.o   
Finished building target: dummy
 
16:08:57 **** Incremental Build of configuration Debug for project dummy ****
make all 
make: Nothing to be done for 'all'.
16:09:50 **** Incremental Build of configuration Debug for project dummy ****
make all 
Building file: ../src/dummy.c
Invoking: GCC C Compiler
gcc -O0 -g3 -Wall -c -fmessage-length=0 -MMD -MP -MF"src/dummy.d" -MT"src/dummy.d" -o "src/dummy.o" "../src/dummy.c"
Finished building: ../src/dummy.c
 
Building target: dummy
Invoking: GCC C Linker
gcc  -o "dummy"  ./src/dummy.o   
Finished building target: dummy
 
16:09:52 **** Incremental Build of configuration Debug for project dummy ****
make all 
make: Nothing to be done for 'all'.
16:10:02 **** Incremental Build of configuration Debug for project dummy ****
make all 
Building file: ../src/dummy.c
Invoking: GCC C Compiler
gcc -O0 -g3 -Wall -c -fmessage-length=0 -MMD -MP -MF"src/dummy.d" -MT"src/dummy.d" -o "src/dummy.o" "../src/dummy.c"
Finished building: ../src/dummy.c
 
Building target: dummy
Invoking: GCC C Linker
gcc  -o "dummy"  ./src/dummy.o   
Finished building target: dummy
 
16:10:03 **** Incremental Build of configuration Debug for project dummy ****
make all 
make: Nothing to be done for 'all'.
16:10:38 **** Incremental Build of configuration Debug for project dummy ****
make all 
Building file: ../src/dummy.c
Invoking: GCC C Compiler
gcc -O0 -g3 -Wall -c -fmessage-length=0 -MMD -MP -MF"src/dummy.d" -MT"src/dummy.d" -o "src/dummy.o" "../src/dummy.c"
Finished building: ../src/dummy.c
 
Building target: dummy
Invoking: GCC C Linker
gcc  -o "dummy"  ./src/dummy.o   
Finished building target: dummy
 
16:10:40 **** Incremental Build of configuration Debug for project dummy ****
make all 
make: Nothing to be done for 'all'.
16:11:11 **** Incremental Build of configuration Debug for project dummy ****
make all 
Building file: ../src/dummy.c
Invoking: GCC C Compiler
gcc -O0 -g3 -Wall -c -fmessage-length=0 -MMD -MP -MF"src/dummy.d" -MT"src/dummy.d" -o "src/dummy.o" "../src/dummy.c"
Finished building: ../src/dummy.c
 
Building target: dummy
Invoking: GCC C Linker
gcc  -o "dummy"  ./src/dummy.o   
Finished building target: dummy
 
16:11:13 **** Incremental Build of configuration Debug for project dummy ****
make all 
make: Nothing to be done for 'all'.
16:11:51 **** Incremental Build of configuration Debug for project dummy ****
make all 
Building file: ../src/dummy.c
Invoking: GCC C Compiler
gcc -O0 -g3 -Wall -c -fmessage-length=0 -MMD -MP -MF"src/dummy.d" -MT"src/dummy.d" -o "src/dummy.o" "../src/dummy.c"
Finished building: ../src/dummy.c
 
Building target: dummy
Invoking: GCC C Linker
gcc  -o "dummy"  ./src/dummy.o   
Finished building target: dummy
 
16:11:52 **** Incremental Build of configuration Debug for project dummy ****
make all 
make: Nothing to be done for 'all'.
16:13:12 **** Incremental Build of configuration Debug for project dummy ****
make all 
Building file: ../src/dummy.c
Invoking: GCC C Compiler
gcc -O0 -g3 -Wall -c -fmessage-length=0 -MMD -MP -MF"src/dummy.d" -MT"src/dummy.d" -o "src/dummy.o" "../src/dummy.c"
Finished building: ../src/dummy.c
 
Building target: dummy
Invoking: GCC C Linker
gcc  -o "dummy"  ./src/dummy.o   
Finished building target: dummy
 
16:13:14 **** Incremental Build of configuration Debug for project dummy ****
make all 
make: Nothing to be done for 'all'.
16:13:40 **** Incremental Build of configuration Debug for project dummy ****
make all 
Building file: ../src/dummy.c
Invoking: GCC C Compiler
gcc -O0 -g3 -Wall -c -fmessage-length=0 -MMD -MP -MF"src/dummy.d" -MT"src/dummy.d" -o "src/dummy.o" "../src/dummy.c"
../src/dummy.c: In function ‘main’:
../src/dummy.c:41:9: warning: format ‘%c’ expects argument of type ‘int’, but argument 2 has type ‘char *’ [-Wformat=]
  printf("You are a %c %s\n","C" "programmer");
         ^
../src/dummy.c:41:9: warning: format ‘%s’ expects a matching ‘char *’ argument [-Wformat=]
Finished building: ../src/dummy.c
 
Building target: dummy
Invoking: GCC C Linker
gcc  -o "dummy"  ./src/dummy.o   
Finished building target: dummy
 
16:13:42 **** Incremental Build of configuration Debug for project dummy ****
make all 
make: Nothing to be done for 'all'.
16:13:58 **** Incremental Build of configuration Debug for project dummy ****
make all 
Building file: ../src/dummy.c
Invoking: GCC C Compiler
gcc -O0 -g3 -Wall -c -fmessage-length=0 -MMD -MP -MF"src/dummy.d" -MT"src/dummy.d" -o "src/dummy.o" "../src/dummy.c"
../src/dummy.c: In function ‘main’:
../src/dummy.c:41:33: error: expected ‘)’ before string constant
  printf("You are a %c %s\n",'C' "programmer");
                                 ^
../src/dummy.c:41:9: warning: format ‘%s’ expects a matching ‘char *’ argument [-Wformat=]
  printf("You are a %c %s\n",'C' "programmer");
         ^
src/subdir.mk:18: recipe for target 'src/dummy.o' failed
make: *** [src/dummy.o] Error 1
16:14:10 **** Incremental Build of configuration Debug for project dummy ****
make all 
Building file: ../src/dummy.c
Invoking: GCC C Compiler
gcc -O0 -g3 -Wall -c -fmessage-length=0 -MMD -MP -MF"src/dummy.d" -MT"src/dummy.d" -o "src/dummy.o" "../src/dummy.c"
Finished building: ../src/dummy.c
 
Building target: dummy
Invoking: GCC C Linker
gcc  -o "dummy"  ./src/dummy.o   
Finished building target: dummy
 
16:14:11 **** Incremental Build of configuration Debug for project dummy ****
make all 
make: Nothing to be done for 'all'.
16:14:53 **** Incremental Build of configuration Debug for project dummy ****
make all 
Building file: ../src/dummy.c
Invoking: GCC C Compiler
gcc -O0 -g3 -Wall -c -fmessage-length=0 -MMD -MP -MF"src/dummy.d" -MT"src/dummy.d" -o "src/dummy.o" "../src/dummy.c"
../src/dummy.c: In function ‘main’:
../src/dummy.c:42:9: warning: ' ' flag used with ‘%o’ gnu_printf format [-Wformat=]
  printf("I got a %d% on my exam\n",98);
         ^
../src/dummy.c:42:9: warning: format ‘%o’ expects a matching ‘unsigned int’ argument [-Wformat=]
Finished building: ../src/dummy.c
 
Building target: dummy
Invoking: GCC C Linker
gcc  -o "dummy"  ./src/dummy.o   
Finished building target: dummy
 
16:14:55 **** Incremental Build of configuration Debug for project dummy ****
make all 
make: Nothing to be done for 'all'.
16:15:10 **** Incremental Build of configuration Debug for project dummy ****
make all 
Building file: ../src/dummy.c
Invoking: GCC C Compiler
gcc -O0 -g3 -Wall -c -fmessage-length=0 -MMD -MP -MF"src/dummy.d" -MT"src/dummy.d" -o "src/dummy.o" "../src/dummy.c"
Finished building: ../src/dummy.c
 
Building target: dummy
Invoking: GCC C Linker
gcc  -o "dummy"  ./src/dummy.o   
Finished building target: dummy
 
16:15:11 **** Incremental Build of configuration Debug for project dummy ****
make all 
make: Nothing to be done for 'all'.
16:18:41 **** Incremental Build of configuration Debug for project dummy ****
make all 
Building file: ../src/dummy.c
Invoking: GCC C Compiler
gcc -O0 -g3 -Wall -c -fmessage-length=0 -MMD -MP -MF"src/dummy.d" -MT"src/dummy.d" -o "src/dummy.o" "../src/dummy.c"
Finished building: ../src/dummy.c
 
Building target: dummy
Invoking: GCC C Linker
gcc  -o "dummy"  ./src/dummy.o   
Finished building target: dummy
 
16:19:10 **** Incremental Build of configuration Debug for project dummy ****
make all 
Building file: ../src/dummy.c
Invoking: GCC C Compiler
gcc -O0 -g3 -Wall -c -fmessage-length=0 -MMD -MP -MF"src/dummy.d" -MT"src/dummy.d" -o "src/dummy.o" "../src/dummy.c"
Finished building: ../src/dummy.c
 
Building target: dummy
Invoking: GCC C Linker
gcc  -o "dummy"  ./src/dummy.o   
Finished building target: dummy
 
16:19:12 **** Incremental Build of configuration Debug for project dummy ****
make all 
make: Nothing to be done for 'all'.
16:19:21 **** Incremental Build of configuration Debug for project dummy ****
make all 
Building file: ../src/dummy.c
Invoking: GCC C Compiler
gcc -O0 -g3 -Wall -c -fmessage-length=0 -MMD -MP -MF"src/dummy.d" -MT"src/dummy.d" -o "src/dummy.o" "../src/dummy.c"
Finished building: ../src/dummy.c
 
Building target: dummy
Invoking: GCC C Linker
gcc  -o "dummy"  ./src/dummy.o   
Finished building target: dummy
 
16:19:23 **** Incremental Build of configuration Debug for project dummy ****
make all 
make: Nothing to be done for 'all'.
16:19:49 **** Incremental Build of configuration Debug for project dummy ****
make all 
Building file: ../src/dummy.c
Invoking: GCC C Compiler
gcc -O0 -g3 -Wall -c -fmessage-length=0 -MMD -MP -MF"src/dummy.d" -MT"src/dummy.d" -o "src/dummy.o" "../src/dummy.c"
Finished building: ../src/dummy.c
 
Building target: dummy
Invoking: GCC C Linker
gcc  -o "dummy"  ./src/dummy.o   
Finished building target: dummy
 
16:19:50 **** Incremental Build of configuration Debug for project dummy ****
make all 
make: Nothing to be done for 'all'.
16:20:07 **** Incremental Build of configuration Debug for project dummy ****
make all 
Building file: ../src/dummy.c
Invoking: GCC C Compiler
gcc -O0 -g3 -Wall -c -fmessage-length=0 -MMD -MP -MF"src/dummy.d" -MT"src/dummy.d" -o "src/dummy.o" "../src/dummy.c"
Finished building: ../src/dummy.c
 
Building target: dummy
Invoking: GCC C Linker
gcc  -o "dummy"  ./src/dummy.o   
Finished building target: dummy
 
16:20:09 **** Incremental Build of configuration Debug for project dummy ****
make all 
make: Nothing to be done for 'all'.
16:20:22 **** Incremental Build of configuration Debug for project dummy ****
make all 
Building file: ../src/dummy.c
Invoking: GCC C Compiler
gcc -O0 -g3 -Wall -c -fmessage-length=0 -MMD -MP -MF"src/dummy.d" -MT"src/dummy.d" -o "src/dummy.o" "../src/dummy.c"
Finished building: ../src/dummy.c
 
Building target: dummy
Invoking: GCC C Linker
gcc  -o "dummy"  ./src/dummy.o   
Finished building target: dummy
 
16:20:24 **** Incremental Build of configuration Debug for project dummy ****
make all 
make: Nothing to be done for 'all'.
16:21:22 **** Incremental Build of configuration Debug for project dummy ****
make all 
Building file: ../src/dummy.c
Invoking: GCC C Compiler
gcc -O0 -g3 -Wall -c -fmessage-length=0 -MMD -MP -MF"src/dummy.d" -MT"src/dummy.d" -o "src/dummy.o" "../src/dummy.c"
Finished building: ../src/dummy.c
 
Building target: dummy
Invoking: GCC C Linker
gcc  -o "dummy"  ./src/dummy.o   
Finished building target: dummy
 
16:21:31 **** Incremental Build of configuration Debug for project dummy ****
make all 
Building file: ../src/dummy.c
Invoking: GCC C Compiler
gcc -O0 -g3 -Wall -c -fmessage-length=0 -MMD -MP -MF"src/dummy.d" -MT"src/dummy.d" -o "src/dummy.o" "../src/dummy.c"
Finished building: ../src/dummy.c
 
Building target: dummy
Invoking: GCC C Linker
gcc  -o "dummy"  ./src/dummy.o   
Finished building target: dummy
 
16:21:33 **** Incremental Build of configuration Debug for project dummy ****
make all 
make: Nothing to be done for 'all'.
16:23:06 **** Incremental Build of configuration Debug for project dummy ****
make all 
Building file: ../src/dummy.c
Invoking: GCC C Compiler
gcc -O0 -g3 -Wall -c -fmessage-length=0 -MMD -MP -MF"src/dummy.d" -MT"src/dummy.d" -o "src/dummy.o" "../src/dummy.c"
Finished building: ../src/dummy.c
 
Building target: dummy
Invoking: GCC C Linker
gcc  -o "dummy"  ./src/dummy.o   
Finished building target: dummy
 
16:23:08 **** Incremental Build of configuration Debug for project dummy ****
make all 
make: Nothing to be done for 'all'.
16:24:07 **** Incremental Build of configuration Debug for project dummy ****
make all 
Building file: ../src/dummy.c
Invoking: GCC C Compiler
gcc -O0 -g3 -Wall -c -fmessage-length=0 -MMD -MP -MF"src/dummy.d" -MT"src/dummy.d" -o "src/dummy.o" "../src/dummy.c"
../src/dummy.c: In function ‘main’:
../src/dummy.c:58:2: error: expected ‘;’ before ‘return’
  return(0);
  ^
src/subdir.mk:18: recipe for target 'src/dummy.o' failed
make: *** [src/dummy.o] Error 1
16:24:13 **** Incremental Build of configuration Debug for project dummy ****
make all 
Building file: ../src/dummy.c
Invoking: GCC C Compiler
gcc -O0 -g3 -Wall -c -fmessage-length=0 -MMD -MP -MF"src/dummy.d" -MT"src/dummy.d" -o "src/dummy.o" "../src/dummy.c"
Finished building: ../src/dummy.c
 
Building target: dummy
Invoking: GCC C Linker
gcc  -o "dummy"  ./src/dummy.o   
Finished building target: dummy
 
16:24:15 **** Incremental Build of configuration Debug for project dummy ****
make all 
make: Nothing to be done for 'all'.
16:25:28 **** Incremental Build of configuration Debug for project dummy ****
make all 
Building file: ../src/dummy.c
Invoking: GCC C Compiler
gcc -O0 -g3 -Wall -c -fmessage-length=0 -MMD -MP -MF"src/dummy.d" -MT"src/dummy.d" -o "src/dummy.o" "../src/dummy.c"
Finished building: ../src/dummy.c
 
Building target: dummy
Invoking: GCC C Linker
gcc  -o "dummy"  ./src/dummy.o   
Finished building target: dummy
 
16:25:31 **** Incremental Build of configuration Debug for project dummy ****
make all 
make: Nothing to be done for 'all'.
16:25:37 **** Incremental Build of configuration Debug for project dummy ****
make all 
Building file: ../src/dummy.c
Invoking: GCC C Compiler
gcc -O0 -g3 -Wall -c -fmessage-length=0 -MMD -MP -MF"src/dummy.d" -MT"src/dummy.d" -o "src/dummy.o" "../src/dummy.c"
Finished building: ../src/dummy.c
 
Building target: dummy
Invoking: GCC C Linker
gcc  -o "dummy"  ./src/dummy.o   
Finished building target: dummy
 
16:25:38 **** Incremental Build of configuration Debug for project dummy ****
make all 
make: Nothing to be done for 'all'.
16:26:50 **** Incremental Build of configuration Debug for project dummy ****
make all 
Building file: ../src/dummy.c
Invoking: GCC C Compiler
gcc -O0 -g3 -Wall -c -fmessage-length=0 -MMD -MP -MF"src/dummy.d" -MT"src/dummy.d" -o "src/dummy.o" "../src/dummy.c"
Finished building: ../src/dummy.c
 
Building target: dummy
Invoking: GCC C Linker
gcc  -o "dummy"  ./src/dummy.o   
Finished building target: dummy
 
16:27:45 **** Incremental Build of configuration Debug for project dummy ****
make all 
Building file: ../src/dummy.c
Invoking: GCC C Compiler
gcc -O0 -g3 -Wall -c -fmessage-length=0 -MMD -MP -MF"src/dummy.d" -MT"src/dummy.d" -o "src/dummy.o" "../src/dummy.c"
Finished building: ../src/dummy.c
 
Building target: dummy
Invoking: GCC C Linker
gcc  -o "dummy"  ./src/dummy.o   
Finished building target: dummy
 
16:27:48 **** Incremental Build of configuration Debug for project dummy ****
make all 
make: Nothing to be done for 'all'.
16:28:17 **** Incremental Build of configuration Debug for project dummy ****
make all 
Building file: ../src/dummy.c
Invoking: GCC C Compiler
gcc -O0 -g3 -Wall -c -fmessage-length=0 -MMD -MP -MF"src/dummy.d" -MT"src/dummy.d" -o "src/dummy.o" "../src/dummy.c"
Finished building: ../src/dummy.c
 
Building target: dummy
Invoking: GCC C Linker
gcc  -o "dummy"  ./src/dummy.o   
Finished building target: dummy
 
16:33:12 **** Incremental Build of configuration Debug for project dummy ****
make all 
Building file: ../src/dummy.c
Invoking: GCC C Compiler
gcc -O0 -g3 -Wall -c -fmessage-length=0 -MMD -MP -MF"src/dummy.d" -MT"src/dummy.d" -o "src/dummy.o" "../src/dummy.c"
Finished building: ../src/dummy.c
 
Building target: dummy
Invoking: GCC C Linker
gcc  -o "dummy"  ./src/dummy.o   
Finished building target: dummy
 
16:33:16 **** Incremental Build of configuration Debug for project dummy ****
make all 
Building file: ../src/dummy.c
Invoking: GCC C Compiler
gcc -O0 -g3 -Wall -c -fmessage-length=0 -MMD -MP -MF"src/dummy.d" -MT"src/dummy.d" -o "src/dummy.o" "../src/dummy.c"
Finished building: ../src/dummy.c
 
Building target: dummy
Invoking: GCC C Linker
gcc  -o "dummy"  ./src/dummy.o   
Finished building target: dummy
 
16:33:18 **** Incremental Build of configuration Debug for project dummy ****
make all 
make: Nothing to be done for 'all'.
16:34:59 **** Incremental Build of configuration Debug for project dummy ****
make all 
Building file: ../src/dummy.c
Invoking: GCC C Compiler
gcc -O0 -g3 -Wall -c -fmessage-length=0 -MMD -MP -MF"src/dummy.d" -MT"src/dummy.d" -o "src/dummy.o" "../src/dummy.c"
Finished building: ../src/dummy.c
 
Building target: dummy
Invoking: GCC C Linker
gcc  -o "dummy"  ./src/dummy.o   
Finished building target: dummy
 
16:35:01 **** Incremental Build of configuration Debug for project dummy ****
make all 
make: Nothing to be done for 'all'.
16:36:01 **** Incremental Build of configuration Debug for project dummy ****
make all 
Building file: ../src/dummy.c
Invoking: GCC C Compiler
gcc -O0 -g3 -Wall -c -fmessage-length=0 -MMD -MP -MF"src/dummy.d" -MT"src/dummy.d" -o "src/dummy.o" "../src/dummy.c"
Finished building: ../src/dummy.c
 
Building target: dummy
Invoking: GCC C Linker
gcc  -o "dummy"  ./src/dummy.o   
Finished building target: dummy
 
16:36:03 **** Incremental Build of configuration Debug for project dummy ****
make all 
make: Nothing to be done for 'all'.
16:38:26 **** Incremental Build of configuration Debug for project dummy ****
make all 
Building file: ../src/dummy.c
Invoking: GCC C Compiler
gcc -O0 -g3 -Wall -c -fmessage-length=0 -MMD -MP -MF"src/dummy.d" -MT"src/dummy.d" -o "src/dummy.o" "../src/dummy.c"
Finished building: ../src/dummy.c
 
Building target: dummy
Invoking: GCC C Linker
gcc  -o "dummy"  ./src/dummy.o   
Finished building target: dummy
 
16:38:28 **** Incremental Build of configuration Debug for project dummy ****
make all 
make: Nothing to be done for 'all'.
16:38:45 **** Incremental Build of configuration Debug for project dummy ****
make all 
make: Nothing to be done for 'all'.
16:38:46 **** Incremental Build of configuration Debug for project dummy ****
make all 
make: Nothing to be done for 'all'.
16:39:59 **** Incremental Build of configuration Debug for project dummy ****
make all 
Building file: ../src/dummy.c
Invoking: GCC C Compiler
gcc -O0 -g3 -Wall -c -fmessage-length=0 -MMD -MP -MF"src/dummy.d" -MT"src/dummy.d" -o "src/dummy.o" "../src/dummy.c"
Finished building: ../src/dummy.c
 
Building target: dummy
Invoking: GCC C Linker
gcc  -o "dummy"  ./src/dummy.o   
Finished building target: dummy
 
16:40:00 **** Incremental Build of configuration Debug for project dummy ****
make all 
make: Nothing to be done for 'all'.
16:40:50 **** Incremental Build of configuration Debug for project dummy ****
make all 
Building file: ../src/dummy.c
Invoking: GCC C Compiler
gcc -O0 -g3 -Wall -c -fmessage-length=0 -MMD -MP -MF"src/dummy.d" -MT"src/dummy.d" -o "src/dummy.o" "../src/dummy.c"
Finished building: ../src/dummy.c
 
Building target: dummy
Invoking: GCC C Linker
gcc  -o "dummy"  ./src/dummy.o   
Finished building target: dummy
 
16:40:53 **** Incremental Build of configuration Debug for project dummy ****
make all 
make: Nothing to be done for 'all'.
16:42:15 **** Incremental Build of configuration Debug for project dummy ****
make all 
Building file: ../src/dummy.c
Invoking: GCC C Compiler
gcc -O0 -g3 -Wall -c -fmessage-length=0 -MMD -MP -MF"src/dummy.d" -MT"src/dummy.d" -o "src/dummy.o" "../src/dummy.c"
Finished building: ../src/dummy.c
 
Building target: dummy
Invoking: GCC C Linker
gcc  -o "dummy"  ./src/dummy.o   
Finished building target: dummy
 
16:42:39 **** Incremental Build of configuration Debug for project dummy ****
make all 
make: Nothing to be done for 'all'.
16:43:28 **** Incremental Build of configuration Debug for project dummy ****
make all 
Building file: ../src/dummy.c
Invoking: GCC C Compiler
gcc -O0 -g3 -Wall -c -fmessage-length=0 -MMD -MP -MF"src/dummy.d" -MT"src/dummy.d" -o "src/dummy.o" "../src/dummy.c"
Finished building: ../src/dummy.c
 
Building target: dummy
Invoking: GCC C Linker
gcc  -o "dummy"  ./src/dummy.o   
Finished building target: dummy
 
16:45:59 **** Incremental Build of configuration Debug for project dummy ****
make all 
Building file: ../src/dummy.c
Invoking: GCC C Compiler
gcc -O0 -g3 -Wall -c -fmessage-length=0 -MMD -MP -MF"src/dummy.d" -MT"src/dummy.d" -o "src/dummy.o" "../src/dummy.c"
Finished building: ../src/dummy.c
 
Building target: dummy
Invoking: GCC C Linker
gcc  -o "dummy"  ./src/dummy.o   
Finished building target: dummy
 
16:46:01 **** Incremental Build of configuration Debug for project dummy ****
make all 
make: Nothing to be done for 'all'.
16:48:10 **** Incremental Build of configuration Debug for project dummy ****
make all 
Building file: ../src/dummy.c
Invoking: GCC C Compiler
gcc -O0 -g3 -Wall -c -fmessage-length=0 -MMD -MP -MF"src/dummy.d" -MT"src/dummy.d" -o "src/dummy.o" "../src/dummy.c"
Finished building: ../src/dummy.c
 
Building target: dummy
Invoking: GCC C Linker
gcc  -o "dummy"  ./src/dummy.o   
Finished building target: dummy
 
16:48:10 **** Build of configuration Debug for project dummy2 ****
make all 
Building file: ../src/dummy2.c
Invoking: GCC C Compiler
gcc -O0 -g3 -Wall -c -fmessage-length=0 -MMD -MP -MF"src/dummy2.d" -MT"src/dummy2.d" -o "src/dummy2.o" "../src/dummy2.c"
Finished building: ../src/dummy2.c
 
Building target: dummy2
Invoking: GCC C Linker
gcc  -o "dummy2"  ./src/dummy2.o   
Finished building target: dummy2
 
16:48:12 **** Incremental Build of configuration Debug for project dummy2 ****
make all 
make: Nothing to be done for 'all'.
16:48:42 **** Incremental Build of configuration Debug for project dummy ****
make all 
make: Nothing to be done for 'all'.
16:48:42 **** Incremental Build of configuration Debug for project dummy2 ****
make all 
Building file: ../src/dummy2.c
Invoking: GCC C Compiler
gcc -O0 -g3 -Wall -c -fmessage-length=0 -MMD -MP -MF"src/dummy2.d" -MT"src/dummy2.d" -o "src/dummy2.o" "../src/dummy2.c"
Finished building: ../src/dummy2.c
 
Building target: dummy2
Invoking: GCC C Linker
gcc  -o "dummy2"  ./src/dummy2.o   
Finished building target: dummy2
 
16:48:45 **** Incremental Build of configuration Debug for project dummy2 ****
make all 
make: Nothing to be done for 'all'.
16:49:11 **** Incremental Build of configuration Debug for project dummy ****
make all 
make: Nothing to be done for 'all'.
16:49:11 **** Incremental Build of configuration Debug for project dummy2 ****
make all 
Building file: ../src/dummy2.c
Invoking: GCC C Compiler
gcc -O0 -g3 -Wall -c -fmessage-length=0 -MMD -MP -MF"src/dummy2.d" -MT"src/dummy2.d" -o "src/dummy2.o" "../src/dummy2.c"
Finished building: ../src/dummy2.c
 
Building target: dummy2
Invoking: GCC C Linker
gcc  -o "dummy2"  ./src/dummy2.o   
Finished building target: dummy2
 
16:49:12 **** Incremental Build of configuration Debug for project dummy2 ****
make all 
make: Nothing to be done for 'all'.
16:49:22 **** Incremental Build of configuration Debug for project dummy ****
make all 
make: Nothing to be done for 'all'.
16:49:22 **** Incremental Build of configuration Debug for project dummy2 ****
make all 
Building file: ../src/dummy2.c
Invoking: GCC C Compiler
gcc -O0 -g3 -Wall -c -fmessage-length=0 -MMD -MP -MF"src/dummy2.d" -MT"src/dummy2.d" -o "src/dummy2.o" "../src/dummy2.c"
Finished building: ../src/dummy2.c
 
Building target: dummy2
Invoking: GCC C Linker
gcc  -o "dummy2"  ./src/dummy2.o   
Finished building target: dummy2
 
16:49:23 **** Incremental Build of configuration Debug for project dummy2 ****
make all 
make: Nothing to be done for 'all'.
16:51:42 **** Incremental Build of configuration Debug for project dummy ****
make all 
make: Nothing to be done for 'all'.
16:51:42 **** Incremental Build of configuration Debug for project dummy2 ****
make all 
Building file: ../src/dummy2.c
Invoking: GCC C Compiler
gcc -O0 -g3 -Wall -c -fmessage-length=0 -MMD -MP -MF"src/dummy2.d" -MT"src/dummy2.d" -o "src/dummy2.o" "../src/dummy2.c"
../src/dummy2.c: In function ‘main’:
../src/dummy2.c:21:8: warning: format ‘%d’ expects argument of type ‘int *’, but argument 2 has type ‘int’ [-Wformat=]
  scanf("%d",x);
        ^
../src/dummy2.c:21:2: warning: ‘x’ is used uninitialized in this function [-Wuninitialized]
  scanf("%d",x);
  ^
Finished building: ../src/dummy2.c
 
Building target: dummy2
Invoking: GCC C Linker
gcc  -o "dummy2"  ./src/dummy2.o   
Finished building target: dummy2
 
16:51:44 **** Incremental Build of configuration Debug for project dummy2 ****
make all 
make: Nothing to be done for 'all'.
16:52:04 **** Incremental Build of configuration Debug for project dummy ****
make all 
make: Nothing to be done for 'all'.
16:52:04 **** Incremental Build of configuration Debug for project dummy2 ****
make all 
Building file: ../src/dummy2.c
Invoking: GCC C Compiler
gcc -O0 -g3 -Wall -c -fmessage-length=0 -MMD -MP -MF"src/dummy2.d" -MT"src/dummy2.d" -o "src/dummy2.o" "../src/dummy2.c"
Finished building: ../src/dummy2.c
 
Building target: dummy2
Invoking: GCC C Linker
gcc  -o "dummy2"  ./src/dummy2.o   
Finished building target: dummy2
 
16:52:06 **** Incremental Build of configuration Debug for project dummy2 ****
make all 
make: Nothing to be done for 'all'.
16:53:12 **** Incremental Build of configuration Debug for project dummy ****
make all 
make: Nothing to be done for 'all'.
16:53:13 **** Incremental Build of configuration Debug for project dummy2 ****
make all 
Building file: ../src/dummy2.c
Invoking: GCC C Compiler
gcc -O0 -g3 -Wall -c -fmessage-length=0 -MMD -MP -MF"src/dummy2.d" -MT"src/dummy2.d" -o "src/dummy2.o" "../src/dummy2.c"
Finished building: ../src/dummy2.c
 
Building target: dummy2
Invoking: GCC C Linker
gcc  -o "dummy2"  ./src/dummy2.o   
Finished building target: dummy2
 
16:53:15 **** Incremental Build of configuration Debug for project dummy2 ****
make all 
make: Nothing to be done for 'all'.
16:55:47 **** Incremental Build of configuration Debug for project dummy ****
make all 
make: Nothing to be done for 'all'.
16:55:47 **** Incremental Build of configuration Debug for project dummy2 ****
make all 
Building file: ../src/dummy2.c
Invoking: GCC C Compiler
gcc -O0 -g3 -Wall -c -fmessage-length=0 -MMD -MP -MF"src/dummy2.d" -MT"src/dummy2.d" -o "src/dummy2.o" "../src/dummy2.c"
../src/dummy2.c: In function ‘main’:
../src/dummy2.c:25:8: warning: format ‘%s’ expects argument of type ‘char *’, but argument 2 has type ‘char (*)[15]’ [-Wformat=]
  scanf("%s",&name); //dont forget the &!
        ^
Finished building: ../src/dummy2.c
 
Building target: dummy2
Invoking: GCC C Linker
gcc  -o "dummy2"  ./src/dummy2.o   
Finished building target: dummy2
 
16:56:47 **** Incremental Build of configuration Debug for project dummy ****
make all 
make: Nothing to be done for 'all'.
16:56:47 **** Incremental Build of configuration Debug for project dummy2 ****
make all 
Building file: ../src/dummy2.c
Invoking: GCC C Compiler
gcc -O0 -g3 -Wall -c -fmessage-length=0 -MMD -MP -MF"src/dummy2.d" -MT"src/dummy2.d" -o "src/dummy2.o" "../src/dummy2.c"
Finished building: ../src/dummy2.c
 
Building target: dummy2
Invoking: GCC C Linker
gcc  -o "dummy2"  ./src/dummy2.o   
Finished building target: dummy2
 
16:56:56 **** Incremental Build of configuration Debug for project dummy ****
make all 
make: Nothing to be done for 'all'.
16:56:56 **** Incremental Build of configuration Debug for project dummy2 ****
make all 
Building file: ../src/dummy2.c
Invoking: GCC C Compiler
gcc -O0 -g3 -Wall -c -fmessage-length=0 -MMD -MP -MF"src/dummy2.d" -MT"src/dummy2.d" -o "src/dummy2.o" "../src/dummy2.c"
Finished building: ../src/dummy2.c
 
Building target: dummy2
Invoking: GCC C Linker
gcc  -o "dummy2"  ./src/dummy2.o   
Finished building target: dummy2
 
16:56:57 **** Incremental Build of configuration Debug for project dummy2 ****
make all 
make: Nothing to be done for 'all'.
16:57:04 **** Incremental Build of configuration Debug for project dummy2 ****
make all 
make: Nothing to be done for 'all'.
16:59:19 **** Incremental Build of configuration Debug for project dummy ****
make all 
make: Nothing to be done for 'all'.
16:59:19 **** Incremental Build of configuration Debug for project dummy2 ****
make all 
Building file: ../src/dummy2.c
Invoking: GCC C Compiler
gcc -O0 -g3 -Wall -c -fmessage-length=0 -MMD -MP -MF"src/dummy2.d" -MT"src/dummy2.d" -o "src/dummy2.o" "../src/dummy2.c"
Finished building: ../src/dummy2.c
 
Building target: dummy2
Invoking: GCC C Linker
gcc  -o "dummy2"  ./src/dummy2.o   
Finished building target: dummy2
 
16:59:24 **** Incremental Build of configuration Debug for project dummy2 ****
make all 
make: Nothing to be done for 'all'.
17:00:17 **** Incremental Build of configuration Debug for project dummy2 ****
make all 
make: Nothing to be done for 'all'.
17:00:29 **** Incremental Build of configuration Debug for project dummy2 ****
make all 
make: Nothing to be done for 'all'.
17:00:44 **** Incremental Build of configuration Debug for project dummy2 ****
make all 
make: Nothing to be done for 'all'.
17:01:01 **** Incremental Build of configuration Debug for project dummy ****
make all 
make: Nothing to be done for 'all'.
17:01:02 **** Incremental Build of configuration Debug for project dummy2 ****
make all 
Building file: ../src/dummy2.c
Invoking: GCC C Compiler
gcc -O0 -g3 -Wall -c -fmessage-length=0 -MMD -MP -MF"src/dummy2.d" -MT"src/dummy2.d" -o "src/dummy2.o" "../src/dummy2.c"
Finished building: ../src/dummy2.c
 
Building target: dummy2
Invoking: GCC C Linker
gcc  -o "dummy2"  ./src/dummy2.o   
Finished building target: dummy2
 
17:01:04 **** Incremental Build of configuration Debug for project dummy2 ****
make all 
make: Nothing to be done for 'all'.
17:04:12 **** Incremental Build of configuration Debug for project dummy ****
make all 
make: Nothing to be done for 'all'.
17:04:12 **** Incremental Build of configuration Debug for project dummy2 ****
make all 
make: Nothing to be done for 'all'.
17:04:12 **** Build of configuration Debug for project mathdummy ****
make all 
Building file: ../src/mathdummy.c
Invoking: GCC C Compiler
gcc -O0 -g3 -Wall -c -fmessage-length=0 -MMD -MP -MF"src/mathdummy.d" -MT"src/mathdummy.d" -o "src/mathdummy.o" "../src/mathdummy.c"
Finished building: ../src/mathdummy.c
 
Building target: mathdummy
Invoking: GCC C Linker
gcc  -o "mathdummy"  ./src/mathdummy.o   
Finished building target: mathdummy
 
17:04:16 **** Incremental Build of configuration Debug for project mathdummy ****
make all 
make: Nothing to be done for 'all'.
17:04:37 **** Incremental Build of configuration Debug for project mathdummy ****
make all 
make: Nothing to be done for 'all'.
17:05:37 **** Incremental Build of configuration Debug for project dummy ****
make all 
make: Nothing to be done for 'all'.
17:05:37 **** Incremental Build of configuration Debug for project dummy2 ****
make all 
make: Nothing to be done for 'all'.
17:05:37 **** Incremental Build of configuration Debug for project mathdummy ****
make all 
Building file: ../src/mathdummy.c
Invoking: GCC C Compiler
gcc -O0 -g3 -Wall -c -fmessage-length=0 -MMD -MP -MF"src/mathdummy.d" -MT"src/mathdummy.d" -o "src/mathdummy.o" "../src/mathdummy.c"
Finished building: ../src/mathdummy.c
 
Building target: mathdummy
Invoking: GCC C Linker
gcc  -o "mathdummy"  ./src/mathdummy.o   
Finished building target: mathdummy
 
17:05:39 **** Incremental Build of configuration Debug for project mathdummy ****
make all 
make: Nothing to be done for 'all'.
17:05:56 **** Incremental Build of configuration Debug for project dummy ****
make all 
make: Nothing to be done for 'all'.
17:05:56 **** Incremental Build of configuration Debug for project dummy2 ****
make all 
make: Nothing to be done for 'all'.
17:05:56 **** Incremental Build of configuration Debug for project mathdummy ****
make all 
Building file: ../src/mathdummy.c
Invoking: GCC C Compiler
gcc -O0 -g3 -Wall -c -fmessage-length=0 -MMD -MP -MF"src/mathdummy.d" -MT"src/mathdummy.d" -o "src/mathdummy.o" "../src/mathdummy.c"
../src/mathdummy.c: In function ‘main’:
../src/mathdummy.c:23:8: warning: format ‘%d’ expects argument of type ‘int *’, but argument 2 has type ‘float *’ [-Wformat=]
  scanf("%d",&a);
        ^
../src/mathdummy.c:24:9: warning: format ‘%d’ expects argument of type ‘int’, but argument 2 has type ‘double’ [-Wformat=]
  printf("%d / %d = %d\n",a,b,a/b);
         ^
../src/mathdummy.c:24:9: warning: format ‘%d’ expects argument of type ‘int’, but argument 3 has type ‘double’ [-Wformat=]
../src/mathdummy.c:24:9: warning: format ‘%d’ expects argument of type ‘int’, but argument 4 has type ‘double’ [-Wformat=]
Finished building: ../src/mathdummy.c
 
Building target: mathdummy
Invoking: GCC C Linker
gcc  -o "mathdummy"  ./src/mathdummy.o   
Finished building target: mathdummy
 
17:05:57 **** Incremental Build of configuration Debug for project mathdummy ****
make all 
make: Nothing to be done for 'all'.
17:06:15 **** Incremental Build of configuration Debug for project dummy ****
make all 
make: Nothing to be done for 'all'.
17:06:15 **** Incremental Build of configuration Debug for project dummy2 ****
make all 
make: Nothing to be done for 'all'.
17:06:15 **** Incremental Build of configuration Debug for project mathdummy ****
make all 
Building file: ../src/mathdummy.c
Invoking: GCC C Compiler
gcc -O0 -g3 -Wall -c -fmessage-length=0 -MMD -MP -MF"src/mathdummy.d" -MT"src/mathdummy.d" -o "src/mathdummy.o" "../src/mathdummy.c"
Finished building: ../src/mathdummy.c
 
Building target: mathdummy
Invoking: GCC C Linker
gcc  -o "mathdummy"  ./src/mathdummy.o   
Finished building target: mathdummy
 
17:06:17 **** Incremental Build of configuration Debug for project mathdummy ****
make all 
make: Nothing to be done for 'all'.
17:06:40 **** Incremental Build of configuration Debug for project mathdummy ****
make all 
Building file: ../src/mathdummy.c
Invoking: GCC C Compiler
gcc -O0 -g3 -Wall -c -fmessage-length=0 -MMD -MP -MF"src/mathdummy.d" -MT"src/mathdummy.d" -o "src/mathdummy.o" "../src/mathdummy.c"
Finished building: ../src/mathdummy.c
 
Building target: mathdummy
Invoking: GCC C Linker
gcc  -o "mathdummy"  ./src/mathdummy.o   
Finished building target: mathdummy
 
17:06:52 **** Incremental Build of configuration Debug for project mathdummy ****
make all 
make: Nothing to be done for 'all'.
17:08:42 **** Incremental Build of configuration Debug for project dummy ****
make all 
make: Nothing to be done for 'all'.
17:08:43 **** Incremental Build of configuration Debug for project dummy2 ****
make all 
make: Nothing to be done for 'all'.
17:08:44 **** Incremental Build of configuration Debug for project mathdummy ****
make all 
make: Nothing to be done for 'all'.
17:08:46 **** Incremental Build of configuration Debug for project mathdummy ****
make all 
make: Nothing to be done for 'all'.
17:08:56 **** Incremental Build of configuration Debug for project dummy ****
make all 
make: Nothing to be done for 'all'.
17:08:56 **** Incremental Build of configuration Debug for project dummy2 ****
make all 
make: Nothing to be done for 'all'.
17:08:57 **** Incremental Build of configuration Debug for project mathdummy ****
make all 
Building file: ../src/mathdummy.c
Invoking: GCC C Compiler
gcc -O0 -g3 -Wall -c -fmessage-length=0 -MMD -MP -MF"src/mathdummy.d" -MT"src/mathdummy.d" -o "src/mathdummy.o" "../src/mathdummy.c"
Finished building: ../src/mathdummy.c
 
Building target: mathdummy
Invoking: GCC C Linker
gcc  -o "mathdummy"  ./src/mathdummy.o   
Finished building target: mathdummy
 
17:09:55 **** Incremental Build of configuration Debug for project dummy ****
make all 
make: Nothing to be done for 'all'.
17:09:56 **** Incremental Build of configuration Debug for project dummy2 ****
make all 
make: Nothing to be done for 'all'.
17:09:56 **** Incremental Build of configuration Debug for project mathdummy ****
make all 
Building file: ../src/mathdummy.c
Invoking: GCC C Compiler
gcc -O0 -g3 -Wall -c -fmessage-length=0 -MMD -MP -MF"src/mathdummy.d" -MT"src/mathdummy.d" -o "src/mathdummy.o" "../src/mathdummy.c"
Finished building: ../src/mathdummy.c
 
Building target: mathdummy
Invoking: GCC C Linker
gcc  -o "mathdummy"  ./src/mathdummy.o   
Finished building target: mathdummy
 
17:09:58 **** Incremental Build of configuration Debug for project mathdummy ****
make all 
make: Nothing to be done for 'all'.
17:10:17 **** Incremental Build of configuration Debug for project dummy ****
make all 
make: Nothing to be done for 'all'.
17:10:17 **** Incremental Build of configuration Debug for project dummy2 ****
make all 
make: Nothing to be done for 'all'.
17:10:17 **** Incremental Build of configuration Debug for project mathdummy ****
make all 
Building file: ../src/mathdummy.c
Invoking: GCC C Compiler
gcc -O0 -g3 -Wall -c -fmessage-length=0 -MMD -MP -MF"src/mathdummy.d" -MT"src/mathdummy.d" -o "src/mathdummy.o" "../src/mathdummy.c"
Finished building: ../src/mathdummy.c
 
Building target: mathdummy
Invoking: GCC C Linker
gcc  -o "mathdummy"  ./src/mathdummy.o   
Finished building target: mathdummy
 
17:10:19 **** Incremental Build of configuration Debug for project mathdummy ****
make all 
make: Nothing to be done for 'all'.
17:11:29 **** Incremental Build of configuration Debug for project dummy ****
make all 
make: Nothing to be done for 'all'.
17:11:29 **** Incremental Build of configuration Debug for project dummy2 ****
make all 
make: Nothing to be done for 'all'.
17:11:29 **** Incremental Build of configuration Debug for project mathdummy ****
make all 
Building file: ../src/mathdummy.c
Invoking: GCC C Compiler
gcc -O0 -g3 -Wall -c -fmessage-length=0 -MMD -MP -MF"src/mathdummy.d" -MT"src/mathdummy.d" -o "src/mathdummy.o" "../src/mathdummy.c"
Finished building: ../src/mathdummy.c
 
Building target: mathdummy
Invoking: GCC C Linker
gcc  -o "mathdummy"  ./src/mathdummy.o   
Finished building target: mathdummy
 
17:11:30 **** Incremental Build of configuration Debug for project mathdummy ****
make all 
make: Nothing to be done for 'all'.
17:12:16 **** Incremental Build of configuration Debug for project dummy ****
make all 
make: Nothing to be done for 'all'.
17:12:16 **** Incremental Build of configuration Debug for project dummy2 ****
make all 
make: Nothing to be done for 'all'.
17:12:17 **** Incremental Build of configuration Debug for project mathdummy ****
make all 
Building file: ../src/mathdummy.c
Invoking: GCC C Compiler
gcc -O0 -g3 -Wall -c -fmessage-length=0 -MMD -MP -MF"src/mathdummy.d" -MT"src/mathdummy.d" -o "src/mathdummy.o" "../src/mathdummy.c"
Finished building: ../src/mathdummy.c
 
Building target: mathdummy
Invoking: GCC C Linker
gcc  -o "mathdummy"  ./src/mathdummy.o   
Finished building target: mathdummy
 
17:12:20 **** Incremental Build of configuration Debug for project mathdummy ****
make all 
make: Nothing to be done for 'all'.
17:13:19 **** Incremental Build of configuration Debug for project dummy ****
make all 
make: Nothing to be done for 'all'.
17:13:19 **** Incremental Build of configuration Debug for project dummy2 ****
make all 
make: Nothing to be done for 'all'.
17:13:19 **** Incremental Build of configuration Debug for project mathdummy ****
make all 
Building file: ../src/mathdummy.c
Invoking: GCC C Compiler
gcc -O0 -g3 -Wall -c -fmessage-length=0 -MMD -MP -MF"src/mathdummy.d" -MT"src/mathdummy.d" -o "src/mathdummy.o" "../src/mathdummy.c"
Finished building: ../src/mathdummy.c
 
Building target: mathdummy
Invoking: GCC C Linker
gcc  -o "mathdummy"  ./src/mathdummy.o   
Finished building target: mathdummy
 
17:13:21 **** Incremental Build of configuration Debug for project mathdummy ****
make all 
make: Nothing to be done for 'all'.
17:13:37 **** Incremental Build of configuration Debug for project dummy ****
make all 
make: Nothing to be done for 'all'.
17:13:37 **** Incremental Build of configuration Debug for project dummy2 ****
make all 
make: Nothing to be done for 'all'.
17:13:38 **** Incremental Build of configuration Debug for project mathdummy ****
make all 
Building file: ../src/mathdummy.c
Invoking: GCC C Compiler
gcc -O0 -g3 -Wall -c -fmessage-length=0 -MMD -MP -MF"src/mathdummy.d" -MT"src/mathdummy.d" -o "src/mathdummy.o" "../src/mathdummy.c"
Finished building: ../src/mathdummy.c
 
Building target: mathdummy
Invoking: GCC C Linker
gcc  -o "mathdummy"  ./src/mathdummy.o   
Finished building target: mathdummy
 
17:13:39 **** Incremental Build of configuration Debug for project mathdummy ****
make all 
make: Nothing to be done for 'all'.
17:14:25 **** Incremental Build of configuration Debug for project dummy ****
make all 
make: Nothing to be done for 'all'.
17:14:25 **** Incremental Build of configuration Debug for project dummy2 ****
make all 
make: Nothing to be done for 'all'.
17:14:26 **** Incremental Build of configuration Debug for project mathdummy ****
make all 
Building file: ../src/mathdummy.c
Invoking: GCC C Compiler
gcc -O0 -g3 -Wall -c -fmessage-length=0 -MMD -MP -MF"src/mathdummy.d" -MT"src/mathdummy.d" -o "src/mathdummy.o" "../src/mathdummy.c"
../src/mathdummy.c: In function ‘main’:
../src/mathdummy.c:40:4: warning: implicit declaration of function ‘sqrt’ [-Wimplicit-function-declaration]
  r=sqrt(2.0);
    ^
../src/mathdummy.c:40:4: warning: incompatible implicit declaration of built-in function ‘sqrt’
../src/mathdummy.c:40:4: note: include ‘<math.h>’ or provide a declaration of ‘sqrt’
Finished building: ../src/mathdummy.c
 
Building target: mathdummy
Invoking: GCC C Linker
gcc  -o "mathdummy"  ./src/mathdummy.o   
Finished building target: mathdummy
 
17:14:29 **** Incremental Build of configuration Debug for project mathdummy ****
make all 
make: Nothing to be done for 'all'.
17:14:46 **** Incremental Build of configuration Debug for project dummy ****
make all 
make: Nothing to be done for 'all'.
17:14:47 **** Incremental Build of configuration Debug for project dummy2 ****
make all 
make: Nothing to be done for 'all'.
17:14:47 **** Incremental Build of configuration Debug for project mathdummy ****
make all 
Building file: ../src/mathdummy.c
Invoking: GCC C Compiler
gcc -O0 -g3 -Wall -c -fmessage-length=0 -MMD -MP -MF"src/mathdummy.d" -MT"src/mathdummy.d" -o "src/mathdummy.o" "../src/mathdummy.c"
Finished building: ../src/mathdummy.c
 
Building target: mathdummy
Invoking: GCC C Linker
gcc  -o "mathdummy"  ./src/mathdummy.o   
Finished building target: mathdummy
 
17:14:57 **** Incremental Build of configuration Debug for project mathdummy ****
make all 
make: Nothing to be done for 'all'.
17:15:58 **** Incremental Build of configuration Debug for project dummy ****
make all 
make: Nothing to be done for 'all'.
17:15:58 **** Incremental Build of configuration Debug for project dummy2 ****
make all 
make: Nothing to be done for 'all'.
17:15:58 **** Incremental Build of configuration Debug for project mathdummy ****
make all 
Building file: ../src/mathdummy.c
Invoking: GCC C Compiler
gcc -O0 -g3 -Wall -c -fmessage-length=0 -MMD -MP -MF"src/mathdummy.d" -MT"src/mathdummy.d" -o "src/mathdummy.o" "../src/mathdummy.c"
Finished building: ../src/mathdummy.c
 
Building target: mathdummy
Invoking: GCC C Linker
gcc  -o "mathdummy"  ./src/mathdummy.o   
Finished building target: mathdummy
 
17:16:00 **** Incremental Build of configuration Debug for project mathdummy ****
make all 
make: Nothing to be done for 'all'.
17:16:16 **** Incremental Build of configuration Debug for project dummy ****
make all 
make: Nothing to be done for 'all'.
17:16:16 **** Incremental Build of configuration Debug for project dummy2 ****
make all 
make: Nothing to be done for 'all'.
17:16:16 **** Incremental Build of configuration Debug for project mathdummy ****
make all 
Building file: ../src/mathdummy.c
Invoking: GCC C Compiler
gcc -O0 -g3 -Wall -c -fmessage-length=0 -MMD -MP -MF"src/mathdummy.d" -MT"src/mathdummy.d" -o "src/mathdummy.o" "../src/mathdummy.c"
Finished building: ../src/mathdummy.c
 
Building target: mathdummy
Invoking: GCC C Linker
gcc  -o "mathdummy"  ./src/mathdummy.o   
Finished building target: mathdummy
 
17:17:18 **** Incremental Build of configuration Debug for project dummy ****
make all 
make: Nothing to be done for 'all'.
17:17:18 **** Incremental Build of configuration Debug for project dummy2 ****
make all 
make: Nothing to be done for 'all'.
17:17:18 **** Incremental Build of configuration Debug for project mathdummy ****
make all 
Building file: ../src/mathdummy.c
Invoking: GCC C Compiler
gcc -O0 -g3 -Wall -c -fmessage-length=0 -MMD -MP -MF"src/mathdummy.d" -MT"src/mathdummy.d" -o "src/mathdummy.o" "../src/mathdummy.c"
../src/mathdummy.c: In function ‘main’:
../src/mathdummy.c:47:7: error: called object ‘rand’ is not a function or function pointer
  rand=rand();
       ^
../src/mathdummy.c:46:6: note: declared here
  int rand;
      ^
src/subdir.mk:18: recipe for target 'src/mathdummy.o' failed
make: *** [src/mathdummy.o] Error 1
17:17:20 **** Incremental Build of configuration Debug for project mathdummy ****
make all 
Building file: ../src/mathdummy.c
Invoking: GCC C Compiler
gcc -O0 -g3 -Wall -c -fmessage-length=0 -MMD -MP -MF"src/mathdummy.d" -MT"src/mathdummy.d" -o "src/mathdummy.o" "../src/mathdummy.c"
../src/mathdummy.c: In function ‘main’:
../src/mathdummy.c:47:7: error: called object ‘rand’ is not a function or function pointer
  rand=rand();
       ^
../src/mathdummy.c:46:6: note: declared here
  int rand;
      ^
src/subdir.mk:18: recipe for target 'src/mathdummy.o' failed
make: *** [src/mathdummy.o] Error 1
17:17:37 **** Incremental Build of configuration Debug for project dummy ****
make all 
make: Nothing to be done for 'all'.
17:17:37 **** Incremental Build of configuration Debug for project dummy2 ****
make all 
make: Nothing to be done for 'all'.
17:17:38 **** Incremental Build of configuration Debug for project mathdummy ****
make all 
Building file: ../src/mathdummy.c
Invoking: GCC C Compiler
gcc -O0 -g3 -Wall -c -fmessage-length=0 -MMD -MP -MF"src/mathdummy.d" -MT"src/mathdummy.d" -o "src/mathdummy.o" "../src/mathdummy.c"
Finished building: ../src/mathdummy.c
 
Building target: mathdummy
Invoking: GCC C Linker
gcc  -o "mathdummy"  ./src/mathdummy.o   
Finished building target: mathdummy
 
17:17:41 **** Incremental Build of configuration Debug for project mathdummy ****
make all 
make: Nothing to be done for 'all'.
17:18:21 **** Incremental Build of configuration Debug for project mathdummy ****
make all 
Building file: ../src/mathdummy.c
Invoking: GCC C Compiler
gcc -O0 -g3 -Wall -c -fmessage-length=0 -MMD -MP -MF"src/mathdummy.d" -MT"src/mathdummy.d" -o "src/mathdummy.o" "../src/mathdummy.c"
Finished building: ../src/mathdummy.c
 
Building target: mathdummy
Invoking: GCC C Linker
gcc  -o "mathdummy"  ./src/mathdummy.o   
Finished building target: mathdummy
 
17:18:55 **** Incremental Build of configuration Debug for project dummy ****
make all 
make: Nothing to be done for 'all'.
17:18:55 **** Incremental Build of configuration Debug for project dummy2 ****
make all 
make: Nothing to be done for 'all'.
17:18:55 **** Incremental Build of configuration Debug for project mathdummy ****
make all 
Building file: ../src/mathdummy.c
Invoking: GCC C Compiler
gcc -O0 -g3 -Wall -c -fmessage-length=0 -MMD -MP -MF"src/mathdummy.d" -MT"src/mathdummy.d" -o "src/mathdummy.o" "../src/mathdummy.c"
Finished building: ../src/mathdummy.c
 
Building target: mathdummy
Invoking: GCC C Linker
gcc  -o "mathdummy"  ./src/mathdummy.o   
Finished building target: mathdummy
 
17:18:59 **** Incremental Build of configuration Debug for project mathdummy ****
make all 
make: Nothing to be done for 'all'.
17:19:03 **** Incremental Build of configuration Debug for project mathdummy ****
make all 
make: Nothing to be done for 'all'.
17:20:17 **** Incremental Build of configuration Debug for project mathdummy ****
make all 
Building file: ../src/mathdummy.c
Invoking: GCC C Compiler
gcc -O0 -g3 -Wall -c -fmessage-length=0 -MMD -MP -MF"src/mathdummy.d" -MT"src/mathdummy.d" -o "src/mathdummy.o" "../src/mathdummy.c"
../src/mathdummy.c: In function ‘main’:
../src/mathdummy.c:49:18: warning: implicit declaration of function ‘time’ [-Wimplicit-function-declaration]
  srand((unsigned)time(NULL)); //fetch current tic toc -
                  ^
Finished building: ../src/mathdummy.c
 
Building target: mathdummy
Invoking: GCC C Linker
gcc  -o "mathdummy"  ./src/mathdummy.o   
Finished building target: mathdummy
 
17:20:23 **** Incremental Build of configuration Debug for project mathdummy ****
make all 
make: Nothing to be done for 'all'.
17:25:20 **** Incremental Build of configuration Debug for project dummy ****
make all 
make: Nothing to be done for 'all'.
17:25:21 **** Incremental Build of configuration Debug for project dummy2 ****
make all 
make: Nothing to be done for 'all'.
17:25:21 **** Build of configuration Debug for project flowdummy ****
make all 
Building file: ../src/flowdummy.c
Invoking: GCC C Compiler
gcc -O0 -g3 -Wall -c -fmessage-length=0 -MMD -MP -MF"src/flowdummy.d" -MT"src/flowdummy.d" -o "src/flowdummy.o" "../src/flowdummy.c"
../src/flowdummy.c: In function ‘main’:
../src/flowdummy.c:25:2: error: expected ‘,’ or ‘;’ before ‘printf’
  printf("Type an integer: ");
  ^
../src/flowdummy.c:27:9: warning: too many arguments for format [-Wformat-extra-args]
  printf("You typed: &d\n",a);
         ^
make: *** [src/flowdummy.o] Error 1
src/subdir.mk:18: recipe for target 'src/flowdummy.o' failed
17:25:21 **** Incremental Build of configuration Debug for project mathdummy ****
make all 
Building file: ../src/mathdummy.c
Invoking: GCC C Compiler
gcc -O0 -g3 -Wall -c -fmessage-length=0 -MMD -MP -MF"src/mathdummy.d" -MT"src/mathdummy.d" -o "src/mathdummy.o" "../src/mathdummy.c"
../src/mathdummy.c: In function ‘main’:
../src/mathdummy.c:49:18: warning: implicit declaration of function ‘time’ [-Wimplicit-function-declaration]
  srand((unsigned)time(NULL)); //fetch current tic toc and give to srand function
                  ^
Finished building: ../src/mathdummy.c
 
Building target: mathdummy
Invoking: GCC C Linker
gcc  -o "mathdummy"  ./src/mathdummy.o   
Finished building target: mathdummy
 
17:25:31 **** Incremental Build of configuration Debug for project dummy ****
make all 
make: Nothing to be done for 'all'.
17:25:31 **** Incremental Build of configuration Debug for project dummy2 ****
make all 
make: Nothing to be done for 'all'.
17:25:31 **** Incremental Build of configuration Debug for project flowdummy ****
make all 
Building file: ../src/flowdummy.c
Invoking: GCC C Compiler
gcc -O0 -g3 -Wall -c -fmessage-length=0 -MMD -MP -MF"src/flowdummy.d" -MT"src/flowdummy.d" -o "src/flowdummy.o" "../src/flowdummy.c"
../src/flowdummy.c: In function ‘main’:
../src/flowdummy.c:27:9: warning: too many arguments for format [-Wformat-extra-args]
  printf("You typed: &d\n",a);
         ^
Finished building: ../src/flowdummy.c
 
Building target: flowdummy
Invoking: GCC C Linker
gcc  -o "flowdummy"  ./src/flowdummy.o   
Finished building target: flowdummy
 
17:25:32 **** Incremental Build of configuration Debug for project mathdummy ****
make all 
make: Nothing to be done for 'all'.
17:25:34 **** Incremental Build of configuration Debug for project flowdummy ****
make all 
make: Nothing to be done for 'all'.
17:25:43 **** Incremental Build of configuration Debug for project dummy ****
make all 
make: Nothing to be done for 'all'.
17:25:44 **** Incremental Build of configuration Debug for project dummy2 ****
make all 
make: Nothing to be done for 'all'.
17:25:44 **** Incremental Build of configuration Debug for project flowdummy ****
make all 
Building file: ../src/flowdummy.c
Invoking: GCC C Compiler
gcc -O0 -g3 -Wall -c -fmessage-length=0 -MMD -MP -MF"src/flowdummy.d" -MT"src/flowdummy.d" -o "src/flowdummy.o" "../src/flowdummy.c"
Finished building: ../src/flowdummy.c
 
Building target: flowdummy
Invoking: GCC C Linker
gcc  -o "flowdummy"  ./src/flowdummy.o   
Finished building target: flowdummy
 
17:25:44 **** Incremental Build of configuration Debug for project mathdummy ****
make all 
make: Nothing to be done for 'all'.
17:25:46 **** Incremental Build of configuration Debug for project flowdummy ****
make all 
make: Nothing to be done for 'all'.
17:25:50 **** Incremental Build of configuration Debug for project flowdummy ****
make all 
make: Nothing to be done for 'all'.
17:25:55 **** Incremental Build of configuration Debug for project flowdummy ****
make all 
make: Nothing to be done for 'all'.
17:37:30 **** Incremental Build of configuration Debug for project dummy ****
make all 
make: Nothing to be done for 'all'.
17:37:30 **** Incremental Build of configuration Debug for project dummy2 ****
make all 
make: Nothing to be done for 'all'.
17:37:30 **** Incremental Build of configuration Debug for project flowdummy ****
make all 
Building file: ../src/flowdummy.c
Invoking: GCC C Compiler
gcc -O0 -g3 -Wall -c -fmessage-length=0 -MMD -MP -MF"src/flowdummy.d" -MT"src/flowdummy.d" -o "src/flowdummy.o" "../src/flowdummy.c"
../src/flowdummy.c: In function ‘main’:
../src/flowdummy.c:41:8: warning: format ‘%d’ expects argument of type ‘int *’, but argument 2 has type ‘char *’ [-Wformat=]
  scanf("%d",&aa);
        ^
../src/flowdummy.c:44:4: error: too many arguments to function ‘puts’
    puts("Chose %d",aa);
    ^
../src/flowdummy.c:47:4: error: too many arguments to function ‘puts’
    puts("Chose %d",aa);
    ^
../src/flowdummy.c:50:4: error: too many arguments to function ‘puts’
    puts("Chose %d",aa);
    ^
make: *** [src/flowdummy.o] Error 1
src/subdir.mk:18: recipe for target 'src/flowdummy.o' failed
17:37:31 **** Incremental Build of configuration Debug for project mathdummy ****
make all 
make: Nothing to be done for 'all'.
17:37:47 **** Incremental Build of configuration Debug for project dummy ****
make all 
make: Nothing to be done for 'all'.
17:37:47 **** Incremental Build of configuration Debug for project dummy2 ****
make all 
make: Nothing to be done for 'all'.
17:37:47 **** Incremental Build of configuration Debug for project flowdummy ****
make all 
Building file: ../src/flowdummy.c
Invoking: GCC C Compiler
gcc -O0 -g3 -Wall -c -fmessage-length=0 -MMD -MP -MF"src/flowdummy.d" -MT"src/flowdummy.d" -o "src/flowdummy.o" "../src/flowdummy.c"
../src/flowdummy.c: In function ‘main’:
../src/flowdummy.c:41:8: warning: format ‘%d’ expects argument of type ‘int *’, but argument 2 has type ‘char *’ [-Wformat=]
  scanf("%d",&aa);
        ^
Finished building: ../src/flowdummy.c
 
Building target: flowdummy
Invoking: GCC C Linker
gcc  -o "flowdummy"  ./src/flowdummy.o   
Finished building target: flowdummy
 
17:37:48 **** Incremental Build of configuration Debug for project mathdummy ****
make all 
make: Nothing to be done for 'all'.
17:37:51 **** Incremental Build of configuration Debug for project flowdummy ****
make all 
make: Nothing to be done for 'all'.
17:38:09 **** Incremental Build of configuration Debug for project dummy ****
make all 
make: Nothing to be done for 'all'.
17:38:09 **** Incremental Build of configuration Debug for project dummy2 ****
make all 
make: Nothing to be done for 'all'.
17:38:09 **** Incremental Build of configuration Debug for project flowdummy ****
make all 
Building file: ../src/flowdummy.c
Invoking: GCC C Compiler
gcc -O0 -g3 -Wall -c -fmessage-length=0 -MMD -MP -MF"src/flowdummy.d" -MT"src/flowdummy.d" -o "src/flowdummy.o" "../src/flowdummy.c"
../src/flowdummy.c: In function ‘main’:
../src/flowdummy.c:41:8: warning: format ‘%d’ expects argument of type ‘int *’, but argument 2 has type ‘char *’ [-Wformat=]
  scanf("%d",&aa);
        ^
Finished building: ../src/flowdummy.c
 
Building target: flowdummy
Invoking: GCC C Linker
gcc  -o "flowdummy"  ./src/flowdummy.o   
Finished building target: flowdummy
 
17:38:10 **** Incremental Build of configuration Debug for project mathdummy ****
make all 
make: Nothing to be done for 'all'.
17:38:11 **** Incremental Build of configuration Debug for project flowdummy ****
make all 
make: Nothing to be done for 'all'.
17:38:36 **** Incremental Build of configuration Debug for project dummy ****
make all 
make: Nothing to be done for 'all'.
17:38:36 **** Incremental Build of configuration Debug for project dummy2 ****
make all 
make: Nothing to be done for 'all'.
17:38:36 **** Incremental Build of configuration Debug for project flowdummy ****
make all 
Building file: ../src/flowdummy.c
Invoking: GCC C Compiler
gcc -O0 -g3 -Wall -c -fmessage-length=0 -MMD -MP -MF"src/flowdummy.d" -MT"src/flowdummy.d" -o "src/flowdummy.o" "../src/flowdummy.c"
Finished building: ../src/flowdummy.c
 
Building target: flowdummy
Invoking: GCC C Linker
gcc  -o "flowdummy"  ./src/flowdummy.o   
Finished building target: flowdummy
 
17:38:37 **** Incremental Build of configuration Debug for project mathdummy ****
make all 
make: Nothing to be done for 'all'.
17:38:38 **** Incremental Build of configuration Debug for project flowdummy ****
make all 
make: Nothing to be done for 'all'.
17:38:49 **** Incremental Build of configuration Debug for project flowdummy ****
make all 
make: Nothing to be done for 'all'.
17:39:01 **** Incremental Build of configuration Debug for project flowdummy ****
make all 
make: Nothing to be done for 'all'.
17:39:11 **** Incremental Build of configuration Debug for project dummy ****
make all 
make: Nothing to be done for 'all'.
17:39:11 **** Incremental Build of configuration Debug for project dummy2 ****
make all 
make: Nothing to be done for 'all'.
17:39:11 **** Incremental Build of configuration Debug for project flowdummy ****
make all 
Building file: ../src/flowdummy.c
Invoking: GCC C Compiler
gcc -O0 -g3 -Wall -c -fmessage-length=0 -MMD -MP -MF"src/flowdummy.d" -MT"src/flowdummy.d" -o "src/flowdummy.o" "../src/flowdummy.c"
Finished building: ../src/flowdummy.c
 
Building target: flowdummy
Invoking: GCC C Linker
gcc  -o "flowdummy"  ./src/flowdummy.o   
Finished building target: flowdummy
 
17:39:12 **** Incremental Build of configuration Debug for project mathdummy ****
make all 
make: Nothing to be done for 'all'.
17:39:13 **** Incremental Build of configuration Debug for project flowdummy ****
make all 
make: Nothing to be done for 'all'.
17:39:54 **** Incremental Build of configuration Debug for project dummy ****
make all 
make: Nothing to be done for 'all'.
17:39:55 **** Incremental Build of configuration Debug for project dummy2 ****
make all 
make: Nothing to be done for 'all'.
17:39:55 **** Incremental Build of configuration Debug for project flowdummy ****
make all 
Building file: ../src/flowdummy.c
Invoking: GCC C Compiler
gcc -O0 -g3 -Wall -c -fmessage-length=0 -MMD -MP -MF"src/flowdummy.d" -MT"src/flowdummy.d" -o "src/flowdummy.o" "../src/flowdummy.c"
Finished building: ../src/flowdummy.c
 
Building target: flowdummy
Invoking: GCC C Linker
gcc  -o "flowdummy"  ./src/flowdummy.o   
Finished building target: flowdummy
 
17:39:55 **** Incremental Build of configuration Debug for project mathdummy ****
make all 
make: Nothing to be done for 'all'.
17:39:56 **** Incremental Build of configuration Debug for project flowdummy ****
make all 
make: Nothing to be done for 'all'.
